[2024/03/28 18:16:34.367] - Starting server with initial configuration: {"gasLimit":6721975,"gasPrice":20000000000,"hardfork":"merge","hostname":"127.0.0.1","port":7545,"network_id":5777,"default_balance_ether":5000,"total_accounts":10,"unlocked_accounts":[],"locked":false,"vmErrorsOnRPCResponse":true,"verbose":true,"flavor":"ethereum","db_path":"C:\\Users\\Admin\\AppData\\Roaming\\Ganache\\ui\\workspaces\\clean-health\\chaindata","mnemonic":"motion attack save regret dish lunar brother tomorrow month tuna apology fatigue","logDirectory":"H:\\Learning\\DACN\\NIDS-FedML\\BC\\FlwrBC\\Blockchain\\logs"}
[2024/03/28 18:16:34.469] -    >  eth_subscribe: [
   >   "newHeads"
   > ]
[2024/03/28 18:16:34.470] -    >  eth_getLogs: [
   >   {
   >     "fromBlock": null,
   >     "topics": []
   >   }
   > ]
[2024/03/28 18:16:34.471] -    >  eth_subscribe: [
   >   "logs",
   >   {
   >     "topics": []
   >   }
   > ]
[2024/03/28 18:16:34.471] -    >  eth_subscribe: [
   >   "newHeads"
   > ]
[2024/03/28 18:16:34.471] -    >  eth_getLogs: [
   >   {
   >     "fromBlock": null,
   >     "topics": []
   >   }
   > ]
[2024/03/28 18:16:34.471] -    >  eth_subscribe: [
   >   "logs",
   >   {
   >     "topics": []
   >   }
   > ]
[2024/03/28 18:16:34.475] -    >  eth_blockNumber: []
[2024/03/28 18:16:34.476] -    >  eth_accounts: []
[2024/03/28 18:16:34.476] -    >  eth_gasPrice: []
[2024/03/28 18:16:34.476] -    >  eth_getBlockByNumber: [
   >   "latest",
   >   false
   > ]
[2024/03/28 18:16:34.476] -    >  eth_subscribe: [
   >   "newHeads"
   > ]
[2024/03/28 18:16:34.477] -    >  eth_blockNumber: []
[2024/03/28 18:16:34.477] -    >  eth_accounts: []
[2024/03/28 18:16:34.477] -    >  eth_gasPrice: []
[2024/03/28 18:16:34.477] -    >  eth_getBlockByNumber: [
   >   "latest",
   >   false
   > ]
[2024/03/28 18:16:34.478] -    >  eth_subscribe: [
   >   "newHeads"
   > ]
[2024/03/28 18:16:34.478] -    >  eth_accounts: []
[2024/03/28 18:16:34.482] -    >  eth_getBalance: [
   >   "0xc3dd25ecbe996afd7b50d13f4df76f1c949defb9",
   >   "latest"
   > ]
[2024/03/28 18:16:34.482] -    >  eth_getTransactionCount: [
   >   "0xc3dd25ecbe996afd7b50d13f4df76f1c949defb9",
   >   "latest"
   > ]
[2024/03/28 18:16:34.483] -    >  eth_getBalance: [
   >   "0xc3e9385f815df7e5ca16a3fae50924fe27caec2b",
   >   "latest"
   > ]
[2024/03/28 18:16:34.484] -    >  eth_getTransactionCount: [
   >   "0xc3e9385f815df7e5ca16a3fae50924fe27caec2b",
   >   "latest"
   > ]
[2024/03/28 18:16:34.485] -    >  eth_getBalance: [
   >   "0xcfb1bf474001bf823ec65d513121451df0ebfd32",
   >   "latest"
   > ]
[2024/03/28 18:16:34.485] -    >  eth_getTransactionCount: [
   >   "0xcfb1bf474001bf823ec65d513121451df0ebfd32",
   >   "latest"
   > ]
[2024/03/28 18:16:34.486] -    >  eth_getBalance: [
   >   "0xccdc7650616e08398b2335743d39c144a5aa90ee",
   >   "latest"
   > ]
[2024/03/28 18:16:34.487] -    >  eth_getTransactionCount: [
   >   "0xccdc7650616e08398b2335743d39c144a5aa90ee",
   >   "latest"
   > ]
[2024/03/28 18:16:34.488] -    >  eth_getBalance: [
   >   "0xd0618a3e29a4e2ca4ff3afacc195cd9b12fab7ae",
   >   "latest"
   > ]
[2024/03/28 18:16:34.489] -    >  eth_getTransactionCount: [
   >   "0xd0618a3e29a4e2ca4ff3afacc195cd9b12fab7ae",
   >   "latest"
   > ]
[2024/03/28 18:16:34.490] -    >  eth_getBalance: [
   >   "0xa1caa0f848c7fb28a98d2950a75473c89d34cd2b",
   >   "latest"
   > ]
[2024/03/28 18:16:34.490] -    >  eth_getTransactionCount: [
   >   "0xa1caa0f848c7fb28a98d2950a75473c89d34cd2b",
   >   "latest"
   > ]
[2024/03/28 18:16:34.491] -    >  eth_getBalance: [
   >   "0xd63c349430f2cfc78d1323eeb953f060f63da255",
   >   "latest"
   > ]
[2024/03/28 18:16:34.492] -    >  eth_getTransactionCount: [
   >   "0xd63c349430f2cfc78d1323eeb953f060f63da255",
   >   "latest"
   > ]
[2024/03/28 18:16:34.492] -    >  eth_getBalance: [
   >   "0x2b83b87d7fa75efdb424b9bd017e046519f5b63e",
   >   "latest"
   > ]
[2024/03/28 18:16:34.493] -    >  eth_getTransactionCount: [
   >   "0x2b83b87d7fa75efdb424b9bd017e046519f5b63e",
   >   "latest"
   > ]
[2024/03/28 18:16:34.494] -    >  eth_getBalance: [
   >   "0x3bc6579d88c2a4f129a31072eeeacd1e75be9844",
   >   "latest"
   > ]
[2024/03/28 18:16:34.495] -    >  eth_getTransactionCount: [
   >   "0x3bc6579d88c2a4f129a31072eeeacd1e75be9844",
   >   "latest"
   > ]
[2024/03/28 18:16:34.495] -    >  eth_getBalance: [
   >   "0x958c7808a3937a6b73f6a2d686bd073a75e9865f",
   >   "latest"
   > ]
[2024/03/28 18:16:34.496] -    >  eth_getTransactionCount: [
   >   "0x958c7808a3937a6b73f6a2d686bd073a75e9865f",
   >   "latest"
   > ]
[2024/03/28 18:16:34.503] -    >  eth_getBalance: [
   >   "0xc3dd25ecbe996afd7b50d13f4df76f1c949defb9",
   >   "latest"
   > ]
[2024/03/28 18:16:34.504] -    >  eth_getTransactionCount: [
   >   "0xc3dd25ecbe996afd7b50d13f4df76f1c949defb9",
   >   "latest"
   > ]
[2024/03/28 18:16:34.504] -    >  eth_getBalance: [
   >   "0xc3e9385f815df7e5ca16a3fae50924fe27caec2b",
   >   "latest"
   > ]
[2024/03/28 18:16:34.505] -    >  eth_getTransactionCount: [
   >   "0xc3e9385f815df7e5ca16a3fae50924fe27caec2b",
   >   "latest"
   > ]
[2024/03/28 18:16:34.506] -    >  eth_getBalance: [
   >   "0xcfb1bf474001bf823ec65d513121451df0ebfd32",
   >   "latest"
   > ]
[2024/03/28 18:16:34.507] -    >  eth_getTransactionCount: [
   >   "0xcfb1bf474001bf823ec65d513121451df0ebfd32",
   >   "latest"
   > ]
[2024/03/28 18:16:34.507] -    >  eth_getBalance: [
   >   "0xccdc7650616e08398b2335743d39c144a5aa90ee",
   >   "latest"
   > ]
[2024/03/28 18:16:34.509] -    >  eth_getTransactionCount: [
   >   "0xccdc7650616e08398b2335743d39c144a5aa90ee",
   >   "latest"
   > ]
[2024/03/28 18:16:34.509] -    >  eth_getBalance: [
   >   "0xd0618a3e29a4e2ca4ff3afacc195cd9b12fab7ae",
   >   "latest"
   > ]
[2024/03/28 18:16:34.510] -    >  eth_getTransactionCount: [
   >   "0xd0618a3e29a4e2ca4ff3afacc195cd9b12fab7ae",
   >   "latest"
   > ]
[2024/03/28 18:16:34.511] -    >  eth_getBalance: [
   >   "0xa1caa0f848c7fb28a98d2950a75473c89d34cd2b",
   >   "latest"
   > ]
[2024/03/28 18:16:34.512] -    >  eth_getTransactionCount: [
   >   "0xa1caa0f848c7fb28a98d2950a75473c89d34cd2b",
   >   "latest"
   > ]
[2024/03/28 18:16:34.512] -    >  eth_getBalance: [
   >   "0xd63c349430f2cfc78d1323eeb953f060f63da255",
   >   "latest"
   > ]
[2024/03/28 18:16:34.513] -    >  eth_getTransactionCount: [
   >   "0xd63c349430f2cfc78d1323eeb953f060f63da255",
   >   "latest"
   > ]
[2024/03/28 18:16:34.514] -    >  eth_getBalance: [
   >   "0x2b83b87d7fa75efdb424b9bd017e046519f5b63e",
   >   "latest"
   > ]
[2024/03/28 18:16:34.514] -    >  eth_getTransactionCount: [
   >   "0x2b83b87d7fa75efdb424b9bd017e046519f5b63e",
   >   "latest"
   > ]
[2024/03/28 18:16:34.515] -    >  eth_getBalance: [
   >   "0x3bc6579d88c2a4f129a31072eeeacd1e75be9844",
   >   "latest"
   > ]
[2024/03/28 18:16:34.516] -    >  eth_getTransactionCount: [
   >   "0x3bc6579d88c2a4f129a31072eeeacd1e75be9844",
   >   "latest"
   > ]
[2024/03/28 18:16:34.517] -    >  eth_getBalance: [
   >   "0x958c7808a3937a6b73f6a2d686bd073a75e9865f",
   >   "latest"
   > ]
[2024/03/28 18:16:34.517] -    >  eth_getTransactionCount: [
   >   "0x958c7808a3937a6b73f6a2d686bd073a75e9865f",
   >   "latest"
   > ]
[2024/03/28 18:16:34.518] -    >  eth_getBalance: [
   >   "0xc3dd25ecbe996afd7b50d13f4df76f1c949defb9",
   >   "latest"
   > ]
[2024/03/28 18:16:34.519] -    >  eth_getTransactionCount: [
   >   "0xc3dd25ecbe996afd7b50d13f4df76f1c949defb9",
   >   "latest"
   > ]
[2024/03/28 18:16:34.520] -    >  eth_getBalance: [
   >   "0xc3e9385f815df7e5ca16a3fae50924fe27caec2b",
   >   "latest"
   > ]
[2024/03/28 18:16:34.520] -    >  eth_getTransactionCount: [
   >   "0xc3e9385f815df7e5ca16a3fae50924fe27caec2b",
   >   "latest"
   > ]
[2024/03/28 18:16:34.521] -    >  eth_getBalance: [
   >   "0xcfb1bf474001bf823ec65d513121451df0ebfd32",
   >   "latest"
   > ]
[2024/03/28 18:16:34.521] -    >  eth_getTransactionCount: [
   >   "0xcfb1bf474001bf823ec65d513121451df0ebfd32",
   >   "latest"
   > ]
[2024/03/28 18:16:34.522] -    >  eth_getBalance: [
   >   "0xccdc7650616e08398b2335743d39c144a5aa90ee",
   >   "latest"
   > ]
[2024/03/28 18:16:34.522] -    >  eth_getTransactionCount: [
   >   "0xccdc7650616e08398b2335743d39c144a5aa90ee",
   >   "latest"
   > ]
[2024/03/28 18:16:34.523] -    >  eth_getBalance: [
   >   "0xd0618a3e29a4e2ca4ff3afacc195cd9b12fab7ae",
   >   "latest"
   > ]
[2024/03/28 18:16:34.524] -    >  eth_getTransactionCount: [
   >   "0xd0618a3e29a4e2ca4ff3afacc195cd9b12fab7ae",
   >   "latest"
   > ]
[2024/03/28 18:16:34.526] -    >  eth_getBalance: [
   >   "0xa1caa0f848c7fb28a98d2950a75473c89d34cd2b",
   >   "latest"
   > ]
[2024/03/28 18:16:34.526] -    >  eth_getTransactionCount: [
   >   "0xa1caa0f848c7fb28a98d2950a75473c89d34cd2b",
   >   "latest"
   > ]
[2024/03/28 18:16:34.527] -    >  eth_getBalance: [
   >   "0xd63c349430f2cfc78d1323eeb953f060f63da255",
   >   "latest"
   > ]
[2024/03/28 18:16:34.527] -    >  eth_getTransactionCount: [
   >   "0xd63c349430f2cfc78d1323eeb953f060f63da255",
   >   "latest"
   > ]
[2024/03/28 18:16:34.528] -    >  eth_getBalance: [
   >   "0x2b83b87d7fa75efdb424b9bd017e046519f5b63e",
   >   "latest"
   > ]
[2024/03/28 18:16:34.529] -    >  eth_getTransactionCount: [
   >   "0x2b83b87d7fa75efdb424b9bd017e046519f5b63e",
   >   "latest"
   > ]
[2024/03/28 18:16:34.529] -    >  eth_getBalance: [
   >   "0x3bc6579d88c2a4f129a31072eeeacd1e75be9844",
   >   "latest"
   > ]
[2024/03/28 18:16:34.530] -    >  eth_getTransactionCount: [
   >   "0x3bc6579d88c2a4f129a31072eeeacd1e75be9844",
   >   "latest"
   > ]
[2024/03/28 18:16:34.530] -    >  eth_getBalance: [
   >   "0x958c7808a3937a6b73f6a2d686bd073a75e9865f",
   >   "latest"
   > ]
[2024/03/28 18:16:34.531] -    >  eth_getTransactionCount: [
   >   "0x958c7808a3937a6b73f6a2d686bd073a75e9865f",
   >   "latest"
   > ]
[2024/03/28 18:16:34.543] -    >  eth_getTransactionCount: [
   >   "0xc3dd25ecbe996afd7b50d13f4df76f1c949defb9",
   >   "latest"
   > ]
[2024/03/28 18:16:34.544] -    >  eth_getBalance: [
   >   "0xc3e9385f815df7e5ca16a3fae50924fe27caec2b",
   >   "latest"
   > ]
[2024/03/28 18:16:34.544] -    >  eth_getTransactionCount: [
   >   "0xc3e9385f815df7e5ca16a3fae50924fe27caec2b",
   >   "latest"
   > ]
[2024/03/28 18:16:34.545] -    >  eth_getBalance: [
   >   "0xcfb1bf474001bf823ec65d513121451df0ebfd32",
   >   "latest"
   > ]
[2024/03/28 18:16:34.545] -    >  eth_getTransactionCount: [
   >   "0xcfb1bf474001bf823ec65d513121451df0ebfd32",
   >   "latest"
   > ]
[2024/03/28 18:16:34.546] -    >  eth_getBalance: [
   >   "0xccdc7650616e08398b2335743d39c144a5aa90ee",
   >   "latest"
   > ]
[2024/03/28 18:16:34.547] -    >  eth_getTransactionCount: [
   >   "0xccdc7650616e08398b2335743d39c144a5aa90ee",
   >   "latest"
   > ]
[2024/03/28 18:16:34.547] -    >  eth_getBalance: [
   >   "0xd0618a3e29a4e2ca4ff3afacc195cd9b12fab7ae",
   >   "latest"
   > ]
[2024/03/28 18:16:34.548] -    >  eth_getTransactionCount: [
   >   "0xd0618a3e29a4e2ca4ff3afacc195cd9b12fab7ae",
   >   "latest"
   > ]
[2024/03/28 18:16:34.548] -    >  eth_getBalance: [
   >   "0xa1caa0f848c7fb28a98d2950a75473c89d34cd2b",
   >   "latest"
   > ]
[2024/03/28 18:16:34.549] -    >  eth_getTransactionCount: [
   >   "0xa1caa0f848c7fb28a98d2950a75473c89d34cd2b",
   >   "latest"
   > ]
[2024/03/28 18:16:34.550] -    >  eth_getBalance: [
   >   "0xd63c349430f2cfc78d1323eeb953f060f63da255",
   >   "latest"
   > ]
[2024/03/28 18:16:34.550] -    >  eth_getTransactionCount: [
   >   "0xd63c349430f2cfc78d1323eeb953f060f63da255",
   >   "latest"
   > ]
[2024/03/28 18:16:34.551] -    >  eth_getBalance: [
   >   "0x2b83b87d7fa75efdb424b9bd017e046519f5b63e",
   >   "latest"
   > ]
[2024/03/28 18:16:34.552] -    >  eth_getTransactionCount: [
   >   "0x2b83b87d7fa75efdb424b9bd017e046519f5b63e",
   >   "latest"
   > ]
[2024/03/28 18:16:34.552] -    >  eth_getBalance: [
   >   "0x3bc6579d88c2a4f129a31072eeeacd1e75be9844",
   >   "latest"
   > ]
[2024/03/28 18:16:34.553] -    >  eth_getTransactionCount: [
   >   "0x3bc6579d88c2a4f129a31072eeeacd1e75be9844",
   >   "latest"
   > ]
[2024/03/28 18:16:34.553] -    >  eth_getBalance: [
   >   "0x958c7808a3937a6b73f6a2d686bd073a75e9865f",
   >   "latest"
   > ]
[2024/03/28 18:16:34.554] -    >  eth_getTransactionCount: [
   >   "0x958c7808a3937a6b73f6a2d686bd073a75e9865f",
   >   "latest"
   > ]
[2024/03/28 18:17:54.762] -    >  eth_unsubscribe: [
   >   "0x3"
   > ]
[2024/03/28 18:17:54.762] -    >  eth_unsubscribe: [
   >   "0x4"
   > ]
